<?xml version="1.0" encoding="utf-8"?><testsuites><testsuite errors="0" failures="0" hostname="spencer-XPS-13-9343" name="pytest" skipped="0" tests="2" time="0.029" timestamp="2020-05-24T15:53:18.466836"><testcase classname="examples.fibonacci.fibonacci.test_fib" name="test_zero_indexed_goes_1_1_2_3" time="0.001"></testcase><testcase classname="examples.fibonacci.fibonacci.test_fib" name="test_approx_fib" time="0.001"></testcase></testsuite></testsuites>